<?xml version="1.0" encoding="UTF-8"?>
<testsuite xmlns:xsi="http://www.w3.org/2001/XMLSchema-instance" xsi:noNamespaceSchemaLocation="https://maven.apache.org/surefire/maven-surefire-plugin/xsd/surefire-test-report.xsd" name="com.course.arrage_course.ArrageCourseApplicationTests" time="6.86" tests="1" errors="0" skipped="0" failures="0">
  <properties>
    <property name="gopherProxySet" value="false"/>
    <property name="awt.toolkit" value="sun.lwawt.macosx.LWCToolkit"/>
    <property name="http.proxyHost" value="127.0.0.1"/>
    <property name="file.encoding.pkg" value="sun.io"/>
    <property name="java.specification.version" value="1.8"/>
    <property name="sun.cpu.isalist" value=""/>
    <property name="sun.jnu.encoding" value="UTF-8"/>
    <property name="java.class.path" value="/Users/zhaowei/Downloads/arrage_course/target/test-classes:/Users/zhaowei/Downloads/arrage_course/target/classes:/Users/zhaowei/Documents/apache-maven-3.6.0/repo/org/springframework/boot/spring-boot-starter/2.6.6/spring-boot-starter-2.6.6.jar:/Users/zhaowei/Documents/apache-maven-3.6.0/repo/org/springframework/boot/spring-boot/2.6.6/spring-boot-2.6.6.jar:/Users/zhaowei/Documents/apache-maven-3.6.0/repo/org/springframework/spring-context/5.3.18/spring-context-5.3.18.jar:/Users/zhaowei/Documents/apache-maven-3.6.0/repo/org/springframework/spring-aop/5.3.18/spring-aop-5.3.18.jar:/Users/zhaowei/Documents/apache-maven-3.6.0/repo/org/springframework/spring-beans/5.3.18/spring-beans-5.3.18.jar:/Users/zhaowei/Documents/apache-maven-3.6.0/repo/org/springframework/spring-expression/5.3.18/spring-expression-5.3.18.jar:/Users/zhaowei/Documents/apache-maven-3.6.0/repo/org/springframework/boot/spring-boot-autoconfigure/2.6.6/spring-boot-autoconfigure-2.6.6.jar:/Users/zhaowei/Documents/apache-maven-3.6.0/repo/org/springframework/boot/spring-boot-starter-logging/2.6.6/spring-boot-starter-logging-2.6.6.jar:/Users/zhaowei/Documents/apache-maven-3.6.0/repo/org/apache/logging/log4j/log4j-to-slf4j/2.17.2/log4j-to-slf4j-2.17.2.jar:/Users/zhaowei/Documents/apache-maven-3.6.0/repo/org/apache/logging/log4j/log4j-api/2.17.2/log4j-api-2.17.2.jar:/Users/zhaowei/Documents/apache-maven-3.6.0/repo/org/slf4j/jul-to-slf4j/1.7.36/jul-to-slf4j-1.7.36.jar:/Users/zhaowei/Documents/apache-maven-3.6.0/repo/jakarta/annotation/jakarta.annotation-api/1.3.5/jakarta.annotation-api-1.3.5.jar:/Users/zhaowei/Documents/apache-maven-3.6.0/repo/org/springframework/spring-core/5.3.18/spring-core-5.3.18.jar:/Users/zhaowei/Documents/apache-maven-3.6.0/repo/org/springframework/spring-jcl/5.3.18/spring-jcl-5.3.18.jar:/Users/zhaowei/Documents/apache-maven-3.6.0/repo/org/yaml/snakeyaml/1.29/snakeyaml-1.29.jar:/Users/zhaowei/Documents/apache-maven-3.6.0/repo/org/springframework/boot/spring-boot-starter-test/2.6.6/spring-boot-starter-test-2.6.6.jar:/Users/zhaowei/Documents/apache-maven-3.6.0/repo/org/springframework/boot/spring-boot-test/2.6.6/spring-boot-test-2.6.6.jar:/Users/zhaowei/Documents/apache-maven-3.6.0/repo/org/springframework/boot/spring-boot-test-autoconfigure/2.6.6/spring-boot-test-autoconfigure-2.6.6.jar:/Users/zhaowei/Documents/apache-maven-3.6.0/repo/com/jayway/jsonpath/json-path/2.6.0/json-path-2.6.0.jar:/Users/zhaowei/Documents/apache-maven-3.6.0/repo/net/minidev/json-smart/2.4.8/json-smart-2.4.8.jar:/Users/zhaowei/Documents/apache-maven-3.6.0/repo/net/minidev/accessors-smart/2.4.8/accessors-smart-2.4.8.jar:/Users/zhaowei/Documents/apache-maven-3.6.0/repo/org/ow2/asm/asm/9.1/asm-9.1.jar:/Users/zhaowei/Documents/apache-maven-3.6.0/repo/jakarta/xml/bind/jakarta.xml.bind-api/2.3.3/jakarta.xml.bind-api-2.3.3.jar:/Users/zhaowei/Documents/apache-maven-3.6.0/repo/jakarta/activation/jakarta.activation-api/1.2.2/jakarta.activation-api-1.2.2.jar:/Users/zhaowei/Documents/apache-maven-3.6.0/repo/org/assertj/assertj-core/3.21.0/assertj-core-3.21.0.jar:/Users/zhaowei/Documents/apache-maven-3.6.0/repo/org/hamcrest/hamcrest/2.2/hamcrest-2.2.jar:/Users/zhaowei/Documents/apache-maven-3.6.0/repo/org/junit/jupiter/junit-jupiter/5.8.2/junit-jupiter-5.8.2.jar:/Users/zhaowei/Documents/apache-maven-3.6.0/repo/org/junit/jupiter/junit-jupiter-api/5.8.2/junit-jupiter-api-5.8.2.jar:/Users/zhaowei/Documents/apache-maven-3.6.0/repo/org/opentest4j/opentest4j/1.2.0/opentest4j-1.2.0.jar:/Users/zhaowei/Documents/apache-maven-3.6.0/repo/org/junit/platform/junit-platform-commons/1.8.2/junit-platform-commons-1.8.2.jar:/Users/zhaowei/Documents/apache-maven-3.6.0/repo/org/apiguardian/apiguardian-api/1.1.2/apiguardian-api-1.1.2.jar:/Users/zhaowei/Documents/apache-maven-3.6.0/repo/org/junit/jupiter/junit-jupiter-params/5.8.2/junit-jupiter-params-5.8.2.jar:/Users/zhaowei/Documents/apache-maven-3.6.0/repo/org/junit/jupiter/junit-jupiter-engine/5.8.2/junit-jupiter-engine-5.8.2.jar:/Users/zhaowei/Documents/apache-maven-3.6.0/repo/org/junit/platform/junit-platform-engine/1.8.2/junit-platform-engine-1.8.2.jar:/Users/zhaowei/Documents/apache-maven-3.6.0/repo/org/mockito/mockito-core/4.0.0/mockito-core-4.0.0.jar:/Users/zhaowei/Documents/apache-maven-3.6.0/repo/net/bytebuddy/byte-buddy/1.11.22/byte-buddy-1.11.22.jar:/Users/zhaowei/Documents/apache-maven-3.6.0/repo/net/bytebuddy/byte-buddy-agent/1.11.22/byte-buddy-agent-1.11.22.jar:/Users/zhaowei/Documents/apache-maven-3.6.0/repo/org/objenesis/objenesis/3.2/objenesis-3.2.jar:/Users/zhaowei/Documents/apache-maven-3.6.0/repo/org/mockito/mockito-junit-jupiter/4.0.0/mockito-junit-jupiter-4.0.0.jar:/Users/zhaowei/Documents/apache-maven-3.6.0/repo/org/skyscreamer/jsonassert/1.5.0/jsonassert-1.5.0.jar:/Users/zhaowei/Documents/apache-maven-3.6.0/repo/com/vaadin/external/google/android-json/0.0.20131108.vaadin1/android-json-0.0.20131108.vaadin1.jar:/Users/zhaowei/Documents/apache-maven-3.6.0/repo/org/springframework/spring-test/5.3.18/spring-test-5.3.18.jar:/Users/zhaowei/Documents/apache-maven-3.6.0/repo/org/xmlunit/xmlunit-core/2.8.4/xmlunit-core-2.8.4.jar:/Users/zhaowei/Documents/apache-maven-3.6.0/repo/org/mybatis/spring/boot/mybatis-spring-boot-starter/2.2.2/mybatis-spring-boot-starter-2.2.2.jar:/Users/zhaowei/Documents/apache-maven-3.6.0/repo/org/springframework/boot/spring-boot-starter-jdbc/2.6.6/spring-boot-starter-jdbc-2.6.6.jar:/Users/zhaowei/Documents/apache-maven-3.6.0/repo/com/zaxxer/HikariCP/4.0.3/HikariCP-4.0.3.jar:/Users/zhaowei/Documents/apache-maven-3.6.0/repo/org/springframework/spring-jdbc/5.3.18/spring-jdbc-5.3.18.jar:/Users/zhaowei/Documents/apache-maven-3.6.0/repo/org/springframework/spring-tx/5.3.18/spring-tx-5.3.18.jar:/Users/zhaowei/Documents/apache-maven-3.6.0/repo/org/mybatis/spring/boot/mybatis-spring-boot-autoconfigure/2.2.2/mybatis-spring-boot-autoconfigure-2.2.2.jar:/Users/zhaowei/Documents/apache-maven-3.6.0/repo/org/mybatis/mybatis/3.5.9/mybatis-3.5.9.jar:/Users/zhaowei/Documents/apache-maven-3.6.0/repo/org/mybatis/mybatis-spring/2.0.7/mybatis-spring-2.0.7.jar:/Users/zhaowei/Documents/apache-maven-3.6.0/repo/mysql/mysql-connector-java/8.0.28/mysql-connector-java-8.0.28.jar:/Users/zhaowei/Documents/apache-maven-3.6.0/repo/com/alibaba/fastjson/1.2.62/fastjson-1.2.62.jar:/Users/zhaowei/Documents/apache-maven-3.6.0/repo/com/github/pagehelper/pagehelper-spring-boot-starter/1.4.2/pagehelper-spring-boot-starter-1.4.2.jar:/Users/zhaowei/Documents/apache-maven-3.6.0/repo/com/github/pagehelper/pagehelper-spring-boot-autoconfigure/1.4.2/pagehelper-spring-boot-autoconfigure-1.4.2.jar:/Users/zhaowei/Documents/apache-maven-3.6.0/repo/com/github/pagehelper/pagehelper/5.3.0/pagehelper-5.3.0.jar:/Users/zhaowei/Documents/apache-maven-3.6.0/repo/com/github/jsqlparser/jsqlparser/4.2/jsqlparser-4.2.jar:/Users/zhaowei/Documents/apache-maven-3.6.0/repo/org/projectlombok/lombok/1.18.22/lombok-1.18.22.jar:/Users/zhaowei/Documents/apache-maven-3.6.0/repo/org/slf4j/slf4j-api/1.7.20/slf4j-api-1.7.20.jar:/Users/zhaowei/Documents/apache-maven-3.6.0/repo/ch/qos/logback/logback-classic/1.2.3/logback-classic-1.2.3.jar:/Users/zhaowei/Documents/apache-maven-3.6.0/repo/ch/qos/logback/logback-core/1.2.3/logback-core-1.2.3.jar:"/>
    <property name="https.proxyPort" value="32769"/>
    <property name="java.vm.vendor" value="Oracle Corporation"/>
    <property name="sun.arch.data.model" value="64"/>
    <property name="java.vendor.url" value="http://java.oracle.com/"/>
    <property name="user.timezone" value=""/>
    <property name="java.vm.specification.version" value="1.8"/>
    <property name="os.name" value="Mac OS X"/>
    <property name="user.country" value="CN"/>
    <property name="sun.java.launcher" value="SUN_STANDARD"/>
    <property name="sun.boot.library.path" value="/Library/Java/JavaVirtualMachines/jdk1.8.0_152.jdk/Contents/Home/jre/lib"/>
    <property name="sun.java.command" value="/Users/zhaowei/Downloads/arrage_course/target/surefire/surefirebooter4279855640615313895.jar /Users/zhaowei/Downloads/arrage_course/target/surefire 2023-09-30T11-11-28_976-jvmRun1 surefire4061587528067055363tmp surefire_09218035033212974303tmp"/>
    <property name="surefire.test.class.path" value="/Users/zhaowei/Downloads/arrage_course/target/test-classes:/Users/zhaowei/Downloads/arrage_course/target/classes:/Users/zhaowei/Documents/apache-maven-3.6.0/repo/org/springframework/boot/spring-boot-starter/2.6.6/spring-boot-starter-2.6.6.jar:/Users/zhaowei/Documents/apache-maven-3.6.0/repo/org/springframework/boot/spring-boot/2.6.6/spring-boot-2.6.6.jar:/Users/zhaowei/Documents/apache-maven-3.6.0/repo/org/springframework/spring-context/5.3.18/spring-context-5.3.18.jar:/Users/zhaowei/Documents/apache-maven-3.6.0/repo/org/springframework/spring-aop/5.3.18/spring-aop-5.3.18.jar:/Users/zhaowei/Documents/apache-maven-3.6.0/repo/org/springframework/spring-beans/5.3.18/spring-beans-5.3.18.jar:/Users/zhaowei/Documents/apache-maven-3.6.0/repo/org/springframework/spring-expression/5.3.18/spring-expression-5.3.18.jar:/Users/zhaowei/Documents/apache-maven-3.6.0/repo/org/springframework/boot/spring-boot-autoconfigure/2.6.6/spring-boot-autoconfigure-2.6.6.jar:/Users/zhaowei/Documents/apache-maven-3.6.0/repo/org/springframework/boot/spring-boot-starter-logging/2.6.6/spring-boot-starter-logging-2.6.6.jar:/Users/zhaowei/Documents/apache-maven-3.6.0/repo/org/apache/logging/log4j/log4j-to-slf4j/2.17.2/log4j-to-slf4j-2.17.2.jar:/Users/zhaowei/Documents/apache-maven-3.6.0/repo/org/apache/logging/log4j/log4j-api/2.17.2/log4j-api-2.17.2.jar:/Users/zhaowei/Documents/apache-maven-3.6.0/repo/org/slf4j/jul-to-slf4j/1.7.36/jul-to-slf4j-1.7.36.jar:/Users/zhaowei/Documents/apache-maven-3.6.0/repo/jakarta/annotation/jakarta.annotation-api/1.3.5/jakarta.annotation-api-1.3.5.jar:/Users/zhaowei/Documents/apache-maven-3.6.0/repo/org/springframework/spring-core/5.3.18/spring-core-5.3.18.jar:/Users/zhaowei/Documents/apache-maven-3.6.0/repo/org/springframework/spring-jcl/5.3.18/spring-jcl-5.3.18.jar:/Users/zhaowei/Documents/apache-maven-3.6.0/repo/org/yaml/snakeyaml/1.29/snakeyaml-1.29.jar:/Users/zhaowei/Documents/apache-maven-3.6.0/repo/org/springframework/boot/spring-boot-starter-test/2.6.6/spring-boot-starter-test-2.6.6.jar:/Users/zhaowei/Documents/apache-maven-3.6.0/repo/org/springframework/boot/spring-boot-test/2.6.6/spring-boot-test-2.6.6.jar:/Users/zhaowei/Documents/apache-maven-3.6.0/repo/org/springframework/boot/spring-boot-test-autoconfigure/2.6.6/spring-boot-test-autoconfigure-2.6.6.jar:/Users/zhaowei/Documents/apache-maven-3.6.0/repo/com/jayway/jsonpath/json-path/2.6.0/json-path-2.6.0.jar:/Users/zhaowei/Documents/apache-maven-3.6.0/repo/net/minidev/json-smart/2.4.8/json-smart-2.4.8.jar:/Users/zhaowei/Documents/apache-maven-3.6.0/repo/net/minidev/accessors-smart/2.4.8/accessors-smart-2.4.8.jar:/Users/zhaowei/Documents/apache-maven-3.6.0/repo/org/ow2/asm/asm/9.1/asm-9.1.jar:/Users/zhaowei/Documents/apache-maven-3.6.0/repo/jakarta/xml/bind/jakarta.xml.bind-api/2.3.3/jakarta.xml.bind-api-2.3.3.jar:/Users/zhaowei/Documents/apache-maven-3.6.0/repo/jakarta/activation/jakarta.activation-api/1.2.2/jakarta.activation-api-1.2.2.jar:/Users/zhaowei/Documents/apache-maven-3.6.0/repo/org/assertj/assertj-core/3.21.0/assertj-core-3.21.0.jar:/Users/zhaowei/Documents/apache-maven-3.6.0/repo/org/hamcrest/hamcrest/2.2/hamcrest-2.2.jar:/Users/zhaowei/Documents/apache-maven-3.6.0/repo/org/junit/jupiter/junit-jupiter/5.8.2/junit-jupiter-5.8.2.jar:/Users/zhaowei/Documents/apache-maven-3.6.0/repo/org/junit/jupiter/junit-jupiter-api/5.8.2/junit-jupiter-api-5.8.2.jar:/Users/zhaowei/Documents/apache-maven-3.6.0/repo/org/opentest4j/opentest4j/1.2.0/opentest4j-1.2.0.jar:/Users/zhaowei/Documents/apache-maven-3.6.0/repo/org/junit/platform/junit-platform-commons/1.8.2/junit-platform-commons-1.8.2.jar:/Users/zhaowei/Documents/apache-maven-3.6.0/repo/org/apiguardian/apiguardian-api/1.1.2/apiguardian-api-1.1.2.jar:/Users/zhaowei/Documents/apache-maven-3.6.0/repo/org/junit/jupiter/junit-jupiter-params/5.8.2/junit-jupiter-params-5.8.2.jar:/Users/zhaowei/Documents/apache-maven-3.6.0/repo/org/junit/jupiter/junit-jupiter-engine/5.8.2/junit-jupiter-engine-5.8.2.jar:/Users/zhaowei/Documents/apache-maven-3.6.0/repo/org/junit/platform/junit-platform-engine/1.8.2/junit-platform-engine-1.8.2.jar:/Users/zhaowei/Documents/apache-maven-3.6.0/repo/org/mockito/mockito-core/4.0.0/mockito-core-4.0.0.jar:/Users/zhaowei/Documents/apache-maven-3.6.0/repo/net/bytebuddy/byte-buddy/1.11.22/byte-buddy-1.11.22.jar:/Users/zhaowei/Documents/apache-maven-3.6.0/repo/net/bytebuddy/byte-buddy-agent/1.11.22/byte-buddy-agent-1.11.22.jar:/Users/zhaowei/Documents/apache-maven-3.6.0/repo/org/objenesis/objenesis/3.2/objenesis-3.2.jar:/Users/zhaowei/Documents/apache-maven-3.6.0/repo/org/mockito/mockito-junit-jupiter/4.0.0/mockito-junit-jupiter-4.0.0.jar:/Users/zhaowei/Documents/apache-maven-3.6.0/repo/org/skyscreamer/jsonassert/1.5.0/jsonassert-1.5.0.jar:/Users/zhaowei/Documents/apache-maven-3.6.0/repo/com/vaadin/external/google/android-json/0.0.20131108.vaadin1/android-json-0.0.20131108.vaadin1.jar:/Users/zhaowei/Documents/apache-maven-3.6.0/repo/org/springframework/spring-test/5.3.18/spring-test-5.3.18.jar:/Users/zhaowei/Documents/apache-maven-3.6.0/repo/org/xmlunit/xmlunit-core/2.8.4/xmlunit-core-2.8.4.jar:/Users/zhaowei/Documents/apache-maven-3.6.0/repo/org/mybatis/spring/boot/mybatis-spring-boot-starter/2.2.2/mybatis-spring-boot-starter-2.2.2.jar:/Users/zhaowei/Documents/apache-maven-3.6.0/repo/org/springframework/boot/spring-boot-starter-jdbc/2.6.6/spring-boot-starter-jdbc-2.6.6.jar:/Users/zhaowei/Documents/apache-maven-3.6.0/repo/com/zaxxer/HikariCP/4.0.3/HikariCP-4.0.3.jar:/Users/zhaowei/Documents/apache-maven-3.6.0/repo/org/springframework/spring-jdbc/5.3.18/spring-jdbc-5.3.18.jar:/Users/zhaowei/Documents/apache-maven-3.6.0/repo/org/springframework/spring-tx/5.3.18/spring-tx-5.3.18.jar:/Users/zhaowei/Documents/apache-maven-3.6.0/repo/org/mybatis/spring/boot/mybatis-spring-boot-autoconfigure/2.2.2/mybatis-spring-boot-autoconfigure-2.2.2.jar:/Users/zhaowei/Documents/apache-maven-3.6.0/repo/org/mybatis/mybatis/3.5.9/mybatis-3.5.9.jar:/Users/zhaowei/Documents/apache-maven-3.6.0/repo/org/mybatis/mybatis-spring/2.0.7/mybatis-spring-2.0.7.jar:/Users/zhaowei/Documents/apache-maven-3.6.0/repo/mysql/mysql-connector-java/8.0.28/mysql-connector-java-8.0.28.jar:/Users/zhaowei/Documents/apache-maven-3.6.0/repo/com/alibaba/fastjson/1.2.62/fastjson-1.2.62.jar:/Users/zhaowei/Documents/apache-maven-3.6.0/repo/com/github/pagehelper/pagehelper-spring-boot-starter/1.4.2/pagehelper-spring-boot-starter-1.4.2.jar:/Users/zhaowei/Documents/apache-maven-3.6.0/repo/com/github/pagehelper/pagehelper-spring-boot-autoconfigure/1.4.2/pagehelper-spring-boot-autoconfigure-1.4.2.jar:/Users/zhaowei/Documents/apache-maven-3.6.0/repo/com/github/pagehelper/pagehelper/5.3.0/pagehelper-5.3.0.jar:/Users/zhaowei/Documents/apache-maven-3.6.0/repo/com/github/jsqlparser/jsqlparser/4.2/jsqlparser-4.2.jar:/Users/zhaowei/Documents/apache-maven-3.6.0/repo/org/projectlombok/lombok/1.18.22/lombok-1.18.22.jar:/Users/zhaowei/Documents/apache-maven-3.6.0/repo/org/slf4j/slf4j-api/1.7.20/slf4j-api-1.7.20.jar:/Users/zhaowei/Documents/apache-maven-3.6.0/repo/ch/qos/logback/logback-classic/1.2.3/logback-classic-1.2.3.jar:/Users/zhaowei/Documents/apache-maven-3.6.0/repo/ch/qos/logback/logback-core/1.2.3/logback-core-1.2.3.jar:"/>
    <property name="sun.cpu.endian" value="little"/>
    <property name="user.home" value="/Users/zhaowei"/>
    <property name="user.language" value="zh"/>
    <property name="java.specification.vendor" value="Oracle Corporation"/>
    <property name="java.home" value="/Library/Java/JavaVirtualMachines/jdk1.8.0_152.jdk/Contents/Home/jre"/>
    <property name="basedir" value="/Users/zhaowei/Downloads/arrage_course"/>
    <property name="https.proxyHost" value="127.0.0.1"/>
    <property name="file.separator" value="/"/>
    <property name="line.separator" value="&#10;"/>
    <property name="java.vm.specification.vendor" value="Oracle Corporation"/>
    <property name="java.specification.name" value="Java Platform API Specification"/>
    <property name="java.awt.graphicsenv" value="sun.awt.CGraphicsEnvironment"/>
    <property name="surefire.real.class.path" value="/Users/zhaowei/Downloads/arrage_course/target/surefire/surefirebooter4279855640615313895.jar"/>
    <property name="sun.boot.class.path" value="/Library/Java/JavaVirtualMachines/jdk1.8.0_152.jdk/Contents/Home/jre/lib/resources.jar:/Library/Java/JavaVirtualMachines/jdk1.8.0_152.jdk/Contents/Home/jre/lib/rt.jar:/Library/Java/JavaVirtualMachines/jdk1.8.0_152.jdk/Contents/Home/jre/lib/sunrsasign.jar:/Library/Java/JavaVirtualMachines/jdk1.8.0_152.jdk/Contents/Home/jre/lib/jsse.jar:/Library/Java/JavaVirtualMachines/jdk1.8.0_152.jdk/Contents/Home/jre/lib/jce.jar:/Library/Java/JavaVirtualMachines/jdk1.8.0_152.jdk/Contents/Home/jre/lib/charsets.jar:/Library/Java/JavaVirtualMachines/jdk1.8.0_152.jdk/Contents/Home/jre/lib/jfr.jar:/Library/Java/JavaVirtualMachines/jdk1.8.0_152.jdk/Contents/Home/jre/classes"/>
    <property name="sun.management.compiler" value="HotSpot 64-Bit Tiered Compilers"/>
    <property name="java.runtime.version" value="1.8.0_152-b16"/>
    <property name="user.name" value="zhaowei"/>
    <property name="path.separator" value=":"/>
    <property name="os.version" value="10.15.2"/>
    <property name="java.endorsed.dirs" value="/Library/Java/JavaVirtualMachines/jdk1.8.0_152.jdk/Contents/Home/jre/lib/endorsed"/>
    <property name="java.runtime.name" value="Java(TM) SE Runtime Environment"/>
    <property name="file.encoding" value="UTF-8"/>
    <property name="java.vm.name" value="Java HotSpot(TM) 64-Bit Server VM"/>
    <property name="localRepository" value="/Users/zhaowei/Documents/apache-maven-3.6.0/repo"/>
    <property name="java.vendor.url.bug" value="http://bugreport.sun.com/bugreport/"/>
    <property name="java.io.tmpdir" value="/var/folders/95/mm50fd9n505b__v5ll8dcbxm0000gn/T/"/>
    <property name="idea.version" value="2020.3.2"/>
    <property name="java.version" value="1.8.0_152"/>
    <property name="user.dir" value="/Users/zhaowei/Downloads/arrage_course"/>
    <property name="os.arch" value="x86_64"/>
    <property name="java.vm.specification.name" value="Java Virtual Machine Specification"/>
    <property name="java.awt.printerjob" value="sun.lwawt.macosx.CPrinterJob"/>
    <property name="sun.os.patch.level" value="unknown"/>
    <property name="java.library.path" value="/Users/zhaowei/Library/Java/Extensions:/Library/Java/Extensions:/Network/Library/Java/Extensions:/System/Library/Java/Extensions:/usr/lib/java:."/>
    <property name="java.vm.info" value="mixed mode"/>
    <property name="java.vendor" value="Oracle Corporation"/>
    <property name="java.vm.version" value="25.152-b16"/>
    <property name="java.ext.dirs" value="/Users/zhaowei/Library/Java/Extensions:/Library/Java/JavaVirtualMachines/jdk1.8.0_152.jdk/Contents/Home/jre/lib/ext:/Library/Java/Extensions:/Network/Library/Java/Extensions:/System/Library/Java/Extensions:/usr/lib/java"/>
    <property name="sun.io.unicode.encoding" value="UnicodeBig"/>
    <property name="java.class.version" value="52.0"/>
    <property name="http.proxyPort" value="32769"/>
  </properties>
  <testcase name="contextLoads" classname="com.course.arrage_course.ArrageCourseApplicationTests" time="0.827"/>
</testsuite>